<?xml version="1.0" encoding="UTF-8"?>
<!-- Generated by org.testng.reporters.JUnitReportReporter -->
<testsuite hostname="Gustavo-PC" name="seleniumcookbook.test.pageobjects.LoginTest" tests="1" failures="0" timestamp="25 Apr 2014 15:49:04 GMT" time="3.859" errors="0">
  <testcase name="setUp" time="3.859" classname="seleniumcookbook.test.pageobjects.LoginTest"/>
</testsuite> <!-- seleniumcookbook.test.pageobjects.LoginTest -->
